2018-07-03 08:05:33,941 INFO  [org.jboss.modules] (main) JBoss Modules version 1.6.1.Final
2018-07-03 08:05:52,972 INFO  [org.jboss.msc] (main) JBoss MSC version 1.2.7.SP1
2018-07-03 08:05:54,060 INFO  [org.jboss.as] (MSC service thread 1-7) WFLYSRV0049: WildFly Full 11.0.0.Final (WildFly Core 3.0.8.Final) starting
2018-07-03 08:05:54,066 DEBUG [org.jboss.as.config] (MSC service thread 1-7) Configured system properties:
	awt.toolkit = sun.awt.windows.WToolkit
	file.encoding = Cp1252
	file.encoding.pkg = sun.io
	file.separator = \
	java.awt.graphicsenv = sun.awt.Win32GraphicsEnvironment
	java.awt.headless = true
	java.awt.printerjob = sun.awt.windows.WPrinterJob
	java.class.path = C:\Users\HB\Documents\formation-Human-Booster\data-eclipse\wildfly-11.0.0.Final\jboss-modules.jar;C:\Program Files\Java\jre1.8.0_171\lib\resources.jar;C:\Program Files\Java\jre1.8.0_171\lib\rt.jar;C:\Program Files\Java\jre1.8.0_171\lib\jsse.jar;C:\Program Files\Java\jre1.8.0_171\lib\jce.jar;C:\Program Files\Java\jre1.8.0_171\lib\charsets.jar;C:\Program Files\Java\jre1.8.0_171\lib\jfr.jar
	java.class.version = 52.0
	java.endorsed.dirs = C:\Program Files\Java\jre1.8.0_171\lib\endorsed
	java.ext.dirs = C:\Program Files\Java\jre1.8.0_171\lib\ext;C:\WINDOWS\Sun\Java\lib\ext
	java.home = C:\Program Files\Java\jre1.8.0_171
	java.io.tmpdir = C:\Users\HB\AppData\Local\Temp\
	java.library.path = C:\Program Files\Java\jre1.8.0_171\bin;C:\WINDOWS\Sun\Java\bin;C:\WINDOWS\system32;C:\WINDOWS;native;C:/Program Files/Java/jre1.8.0_171/bin/server;C:/Program Files/Java/jre1.8.0_171/bin;C:/Program Files/Java/jre1.8.0_171/lib/amd64;C:\Program Files (x86)\Common Files\Oracle\Java\javapath;C:\ProgramData\Oracle\Java\javapath;C:\WINDOWS\system32;C:\WINDOWS;C:\WINDOWS\System32\Wbem;C:\WINDOWS\System32\WindowsPowerShell\v1.0\;C:\WINDOWS\System32\OpenSSH\;C:\Program Files\Git\cmd;C:\Users\HB\AppData\Local\Microsoft\WindowsApps;;C:\Users\HB\Downloads\pack_logiciels\eclipse-jee-oxygen-3a-win32-x86_64\eclipse;;.
	java.net.preferIPv4Stack = true
	java.runtime.name = Java(TM) SE Runtime Environment
	java.runtime.version = 1.8.0_171-b11
	java.specification.name = Java Platform API Specification
	java.specification.vendor = Oracle Corporation
	java.specification.version = 1.8
	java.util.logging.manager = org.jboss.logmanager.LogManager
	java.vendor = Oracle Corporation
	java.vendor.url = http://java.oracle.com/
	java.vendor.url.bug = http://bugreport.sun.com/bugreport/
	java.version = 1.8.0_171
	java.vm.info = mixed mode
	java.vm.name = Java HotSpot(TM) 64-Bit Server VM
	java.vm.specification.name = Java Virtual Machine Specification
	java.vm.specification.vendor = Oracle Corporation
	java.vm.specification.version = 1.8
	java.vm.vendor = Oracle Corporation
	java.vm.version = 25.171-b11
	javax.management.builder.initial = org.jboss.as.jmx.PluggableMBeanServerBuilder
	javax.xml.datatype.DatatypeFactory = __redirected.__DatatypeFactory
	javax.xml.parsers.DocumentBuilderFactory = __redirected.__DocumentBuilderFactory
	javax.xml.parsers.SAXParserFactory = __redirected.__SAXParserFactory
	javax.xml.stream.XMLEventFactory = __redirected.__XMLEventFactory
	javax.xml.stream.XMLInputFactory = __redirected.__XMLInputFactory
	javax.xml.stream.XMLOutputFactory = __redirected.__XMLOutputFactory
	javax.xml.transform.TransformerFactory = __redirected.__TransformerFactory
	javax.xml.validation.SchemaFactory:http://www.w3.org/2001/XMLSchema = __redirected.__SchemaFactory
	javax.xml.xpath.XPathFactory:http://java.sun.com/jaxp/xpath/dom = __redirected.__XPathFactory
	jboss.bind.address = localhost
	jboss.bind.address.management = localhost
	jboss.home.dir = C:\Users\HB\Documents\formation-Human-Booster\data-eclipse\wildfly-11.0.0.Final
	jboss.host.name = desktop-gdb7cun
	jboss.modules.dir = C:\Users\HB\Documents\formation-Human-Booster\data-eclipse\wildfly-11.0.0.Final\modules
	jboss.modules.system.pkgs = org.jboss.byteman
	jboss.node.name = desktop-gdb7cun
	jboss.qualified.host.name = desktop-gdb7cun
	jboss.server.base.dir = C:\Users\HB\Documents\formation-Human-Booster\data-eclipse\wildfly-11.0.0.Final\standalone
	jboss.server.config.dir = C:\Users\HB\Documents\formation-Human-Booster\data-eclipse\wildfly-11.0.0.Final\standalone\configuration
	jboss.server.data.dir = C:\Users\HB\Documents\formation-Human-Booster\data-eclipse\wildfly-11.0.0.Final\standalone\data
	jboss.server.deploy.dir = C:\Users\HB\Documents\formation-Human-Booster\data-eclipse\wildfly-11.0.0.Final\standalone\data\content
	jboss.server.log.dir = C:\Users\HB\Documents\formation-Human-Booster\data-eclipse\wildfly-11.0.0.Final\standalone\log
	jboss.server.name = desktop-gdb7cun
	jboss.server.persist.config = true
	jboss.server.temp.dir = C:\Users\HB\Documents\formation-Human-Booster\data-eclipse\wildfly-11.0.0.Final\standalone\tmp
	line.separator = 

	logging.configuration = file:C:\Users\HB\Documents\formation-Human-Booster\data-eclipse\wildfly-11.0.0.Final\standalone\configuration\logging.properties
	module.path = C:\Users\HB\Documents\formation-Human-Booster\data-eclipse\wildfly-11.0.0.Final\modules
	org.jboss.boot.log.file = C:\Users\HB\Documents\formation-Human-Booster\data-eclipse\wildfly-11.0.0.Final\standalone\log\boot.log
	org.jboss.logmanager.nocolor = true
	org.jboss.resolver.warning = true
	org.xml.sax.driver = __redirected.__XMLReaderFactory
	os.arch = amd64
	os.name = Windows 10
	os.version = 10.0
	path.separator = ;
	program.name = JBossTools: WildFly 11
	sun.arch.data.model = 64
	sun.boot.class.path = C:\Program Files\Java\jre1.8.0_171\lib\resources.jar;C:\Program Files\Java\jre1.8.0_171\lib\rt.jar;C:\Program Files\Java\jre1.8.0_171\lib\sunrsasign.jar;C:\Program Files\Java\jre1.8.0_171\lib\jsse.jar;C:\Program Files\Java\jre1.8.0_171\lib\jce.jar;C:\Program Files\Java\jre1.8.0_171\lib\charsets.jar;C:\Program Files\Java\jre1.8.0_171\lib\jfr.jar;C:\Program Files\Java\jre1.8.0_171\classes
	sun.boot.library.path = C:\Program Files\Java\jre1.8.0_171\bin
	sun.cpu.endian = little
	sun.cpu.isalist = amd64
	sun.desktop = windows
	sun.io.unicode.encoding = UnicodeLittle
	sun.java.command = org.jboss.modules.Main -mp C:\Users\HB\Documents\formation-Human-Booster\data-eclipse\wildfly-11.0.0.Final\modules org.jboss.as.standalone -b localhost --server-config=standalone.xml -Djboss.server.base.dir=C:\Users\HB\Documents\formation-Human-Booster\data-eclipse\wildfly-11.0.0.Final\standalone
	sun.java.launcher = SUN_STANDARD
	sun.jnu.encoding = Cp1252
	sun.management.compiler = HotSpot 64-Bit Tiered Compilers
	sun.os.patch.level = 
	sun.rmi.dgc.client.gcInterval = 3600000
	sun.rmi.dgc.server.gcInterval = 3600000
	user.country = FR
	user.dir = C:\Users\HB\Documents\formation-Human-Booster\data-eclipse\wildfly-11.0.0.Final\bin
	user.home = C:\Users\HB
	user.language = fr
	user.name = HB
	user.script = 
	user.timezone = Europe/Paris
	user.variant = 
2018-07-03 08:05:54,081 DEBUG [org.jboss.as.config] (MSC service thread 1-7) VM Arguments: -Dprogram.name=JBossTools: WildFly 11 -Xms64m -Xmx512m -Dorg.jboss.resolver.warning=true -Djava.net.preferIPv4Stack=true -Dsun.rmi.dgc.client.gcInterval=3600000 -Dsun.rmi.dgc.server.gcInterval=3600000 -Djboss.modules.system.pkgs=org.jboss.byteman -Djava.awt.headless=true -Dorg.jboss.boot.log.file=C:\Users\HB\Documents\formation-Human-Booster\data-eclipse\wildfly-11.0.0.Final\standalone\log\boot.log -Dlogging.configuration=file:C:\Users\HB\Documents\formation-Human-Booster\data-eclipse\wildfly-11.0.0.Final\standalone\configuration\logging.properties -Djboss.home.dir=C:\Users\HB\Documents\formation-Human-Booster\data-eclipse\wildfly-11.0.0.Final -Dorg.jboss.logmanager.nocolor=true -Djboss.bind.address.management=localhost -Dfile.encoding=Cp1252 
2018-07-03 08:06:10,199 INFO  [org.jboss.as.controller.management-deprecated] (Controller Boot Thread) WFLYCTL0028: Attribute 'security-realm' in the resource at address '/core-service=management/management-interface=http-interface' is deprecated, and may be removed in future version. See the attribute description in the output of the read-resource-description operation to learn more about the deprecation.
2018-07-03 08:06:10,298 INFO  [org.wildfly.security] (ServerService Thread Pool -- 9) ELY00001: WildFly Elytron version 1.1.6.Final
2018-07-03 08:06:10,384 INFO  [org.jboss.as.controller.management-deprecated] (ServerService Thread Pool -- 15) WFLYCTL0028: Attribute 'security-realm' in the resource at address '/subsystem=undertow/server=default-server/https-listener=https' is deprecated, and may be removed in future version. See the attribute description in the output of the read-resource-description operation to learn more about the deprecation.
2018-07-03 08:06:10,656 INFO  [org.jboss.as.server.deployment.scanner] (DeploymentScanner-threads - 1) WFLYDS0004: Found GestionProduit-ear-0.0.1-SNAPSHOT.ear in deployment directory. To trigger deployment create a file called GestionProduit-ear-0.0.1-SNAPSHOT.ear.dodeploy
2018-07-03 08:06:10,674 INFO  [org.jboss.as.server.deployment.scanner] (DeploymentScanner-threads - 1) WFLYDS0004: Found GestionProduit-web.war in deployment directory. To trigger deployment create a file called GestionProduit-web.war.dodeploy
2018-07-03 08:06:10,676 INFO  [org.jboss.as.server.deployment.scanner] (DeploymentScanner-threads - 1) WFLYDS0004: Found ProduitJEE.ear in deployment directory. To trigger deployment create a file called ProduitJEE.ear.dodeploy
2018-07-03 08:06:11,044 INFO  [org.jboss.as.server] (Controller Boot Thread) WFLYSRV0039: Creating http management service using socket-binding (management-http)
2018-07-03 08:06:11,148 INFO  [org.xnio] (MSC service thread 1-2) XNIO version 3.5.4.Final
2018-07-03 08:06:11,171 INFO  [org.xnio.nio] (MSC service thread 1-2) XNIO NIO Implementation Version 3.5.4.Final
